             JOBID PARTITION     NAME     USER ST       TIME  NODES NODELIST(REASON)
            413928      main P469_4_g    azhuk PD       0:00      1 (Resources)
            413936      main      BWA dfedorov PD       0:00      1 (QOSMaxCpuPerUserLimit)
            413935      main download    azhuk PD       0:00      1 (Resources)
            413898      main run_7rou enoskova PD       0:00      1 (Priority)
            413899      main run_4rou enoskova PD       0:00      1 (Priority)
414040_[78-79,81-8      main mmar.kid atomarov PD       0:00      1 (QOSMaxCpuPerUserLimit)
            413765      main get_orth afedorov  R 1-05:14:55      1 orthrus-1
            413888      main      BWA dfedorov  R   18:12:15      1 griffin
         414040_77      main mmar.kid atomarov  R       0:25      1 kraken
            413922      main alignmen  skliver  R   13:10:40      1 kraken
            413674      main  task.sh asakulin  R 2-22:54:43      1 meduza-2
            414055      main     bash vshaldin  R      54:25      1 meduza-1
            414048      main     bash vshaldin  R    2:20:29      1 meduza-1
            265431      main     bash atotikov  R 20-06:46:39      1 meduza-2
            413721      main     wrap ayakupov  R 2-00:02:22      1 griffin
            224157      main     bash atotikov  R 57-00:36:33      1 kraken
         414040_24      main mmar.kid atomarov  R    8:54:38      1 griffin
            414054      main     bash abadikov  R      52:25      1 orthrus-1
            414052      main     bash abadikov  R    1:17:25      1 orthrus-1
            414050      main     bash abadikov  R    1:19:05      1 orthrus-2
            377463      main 9_25_bo_ enoskova  R 10-04:42:43      1 meduza-2
            413297      main 5_21_bo_ enoskova  R 5-01:25:19      1 meduza-2
            413897      main run_6rou enoskova  R   16:00:40      1 meduza-2
            413895      main run_5rou enoskova  R   16:04:00      1 meduza-2
            413892      main run_2rou enoskova  R   17:25:56      1 meduza-2
kraken
Ср 25 мая 2022 14:29:21 MSK
/mnt/tank/scratch/skliver/common/mustelidae/martes_martes/genome/alignment/hic.purged/bwa_alignment
finish!
Ср 25 мая 2022 23:18:26 MSK
