             JOBID PARTITION     NAME     USER ST       TIME  NODES NODELIST(REASON)
            413898      main run_7rou enoskova PD       0:00      1 (QOSMaxMemoryPerUser)
            413899      main run_4rou enoskova PD       0:00      1 (QOSMaxMemoryPerUser)
    414040_[84-87]      main mmar.kid atomarov PD       0:00      1 (QOSMaxCpuPerUserLimit)
414106_[24,76-79,8      main mzib.kid atomarov PD       0:00      1 (QOSMaxCpuPerUserLimit)
         414040_83      main mmar.kid atomarov  R       0:50      1 orthrus-2
         414040_82      main mmar.kid atomarov  R      57:30      1 orthrus-2
            413936      main      BWA dfedorov  R   12:30:41      1 orthrus-2
            414080      main get_orth afedorov  R   13:51:06      1 orthrus-1
            414107      main  python3  chivdan  R      23:53      1 orthrus-1
            413922      main alignmen  skliver  R 1-07:26:12      1 kraken
            413674      main  task.sh asakulin  R 3-17:10:15      1 meduza-2
            414098      main     bash abadikov  R       0:50      1 kraken
            414055      main     bash vshaldin  R   19:09:57      1 meduza-1
            414048      main     bash vshaldin  R   20:36:01      1 meduza-1
            265431      main     bash atotikov  R 21-01:02:11      1 meduza-2
            224157      main     bash atotikov  R 57-18:52:05      1 kraken
            414063      main     bash abadikov  R   17:11:56      1 orthrus-1
            377463      main 9_25_bo_ enoskova  R 10-22:58:15      1 meduza-2
            413297      main 5_21_bo_ enoskova  R 5-19:40:51      1 meduza-2
            413897      main run_6rou enoskova  R 1-10:16:12      1 meduza-2
            413895      main run_5rou enoskova  R 1-10:19:32      1 meduza-2
            413892      main run_2rou enoskova  R 1-11:41:28      1 meduza-2
orthrus-2
Thu May 26 08:44:53 MSK 2022
/mnt/tank/scratch/skliver/common/mustelidae/martes_martes/genome/alignment/hic.purged/bwa_alignment
finish!
Thu May 26 13:16:54 MSK 2022
