             JOBID PARTITION     NAME     USER ST       TIME  NODES NODELIST(REASON)
            413936      main      BWA dfedorov PD       0:00      1 (QOSMaxCpuPerUserLimit)
            413928      main P469_4_g    azhuk PD       0:00      1 (Resources)
            413935      main download    azhuk PD       0:00      1 (QOSMaxMemoryPerUser)
            413907      main     bash abadikov PD       0:00      1 (Resources)
            413898      main run_7rou enoskova PD       0:00      1 (QOSMaxMemoryPerUser)
            413899      main run_4rou enoskova PD       0:00      1 (QOSMaxMemoryPerUser)
414040_[77-79,81-8      main mmar.kid atomarov PD       0:00      1 (QOSMaxCpuPerUserLimit)
            413774      main ips-2022 ibdzhibl  R    6:14:00      1 orthrus-1
            413765      main get_orth afedorov  R   20:20:48      1 orthrus-1
            413888      main      BWA dfedorov  R    9:18:08      1 griffin
            413889      main  chR_ast echikina  R    9:15:32      1 orthrus-2
            413922      main alignmen  skliver  R    4:16:33      1 kraken
            413674      main  task.sh asakulin  R 2-14:00:36      1 meduza-2
            265431      main     bash atotikov  R 19-21:52:32      1 meduza-2
            413721      main     wrap ayakupov  R 1-15:08:15      1 griffin
            224157      main     bash atotikov  R 56-15:42:26      1 kraken
         414040_24      main mmar.kid atomarov  R       0:31      1 griffin
         414040_76      main mmar.kid atomarov  R       0:31      1 kraken
            413903      main     bash abadikov  R    6:14:34      1 orthrus-2
            413901      main     bash abadikov  R    6:15:25      1 orthrus-2
            413900      main     bash abadikov  R    6:17:30      1 orthrus-2
            377463      main 9_25_bo_ enoskova  R 9-19:48:36      1 meduza-2
            413297      main 5_21_bo_ enoskova  R 4-16:31:12      1 meduza-2
            413897      main run_6rou enoskova  R    7:06:33      1 meduza-2
            413895      main run_5rou enoskova  R    7:09:53      1 meduza-2
            413892      main run_2rou enoskova  R    8:31:49      1 meduza-2
kraken
Ср 25 мая 2022 05:35:16 MSK
/mnt/tank/scratch/skliver/common/mustelidae/martes_martes/genome/alignment/hic.purged/bwa_alignment
finish!
Ср 25 мая 2022 14:28:27 MSK
