             JOBID PARTITION     NAME     USER ST       TIME  NODES NODELIST(REASON)
            413898      main run_7rou enoskova PD       0:00      1 (QOSMaxMemoryPerUser)
            413899      main run_4rou enoskova PD       0:00      1 (QOSMaxMemoryPerUser)
    414040_[83-87]      main mmar.kid atomarov PD       0:00      1 (QOSMaxCpuPerUserLimit)
            414098      main     bash abadikov PD       0:00      1 (Resources)
         414040_82      main mmar.kid atomarov  R       0:07      1 orthrus-2
            413936      main      BWA dfedorov  R   11:33:18      1 orthrus-2
         414040_79      main mmar.kid atomarov  R    8:29:04      1 kraken
            414080      main get_orth afedorov  R   12:53:43      1 orthrus-1
            414104      main  python3  chivdan  R      28:33      1 orthrus-1
            413922      main alignmen  skliver  R 1-06:28:49      1 kraken
            413674      main  task.sh asakulin  R 3-16:12:52      1 meduza-2
            414055      main     bash vshaldin  R   18:12:34      1 meduza-1
            414048      main     bash vshaldin  R   19:38:38      1 meduza-1
            265431      main     bash atotikov  R 21-00:04:48      1 meduza-2
            224157      main     bash atotikov  R 57-17:54:42      1 kraken
            414063      main     bash abadikov  R   16:14:33      1 orthrus-1
            377463      main 9_25_bo_ enoskova  R 10-22:00:52      1 meduza-2
            413297      main 5_21_bo_ enoskova  R 5-18:43:28      1 meduza-2
            413897      main run_6rou enoskova  R 1-09:18:49      1 meduza-2
            413895      main run_5rou enoskova  R 1-09:22:09      1 meduza-2
            413892      main run_2rou enoskova  R 1-10:44:05      1 meduza-2
orthrus-2
Thu May 26 07:47:30 MSK 2022
/mnt/tank/scratch/skliver/common/mustelidae/martes_martes/genome/alignment/hic.purged/bwa_alignment
finish!
Thu May 26 12:03:12 MSK 2022
