             JOBID PARTITION     NAME     USER ST       TIME  NODES NODELIST(REASON)
            414393      main run_4rou enoskova PD       0:00      1 (Resources)
            414395      main run_2rou enoskova PD       0:00      1 (ReqNodeNotAvail, UnavailableNodes:griffin)
       414457_[87]      main mmar.kid atomarov PD       0:00      1 (QOSMaxCpuPerUserLimit)
         414293_87      main mzib.kid atomarov  R    4:27:04      1 orthrus-2
            414474      main krater_l gudonnet  R    5:17:14      1 kraken
            414493      main km13_0.6 echikina  R    3:04:04      1 kraken
            414492      main km13_0.4 echikina  R    3:04:08      1 kraken
            414501      main    ast9k echikina  R      44:19      1 orthrus-2
            414499      main km13_0.8 echikina  R      49:57      1 orthrus-1
            414498      main km_ol0.6 echikina  R    1:12:58      1 orthrus-2
            414374      main get_orth afedorov  R   14:41:52      1 griffin
            414502      main km_ol0.8 echikina  R      22:17      1 orthrus-2
         414457_86      main mmar.kid atomarov  R       1:07      1 orthrus-2
            414504      main  python3  chivdan  R      14:11      1 orthrus-1
            414503      main  python3  chivdan  R      18:10      1 orthrus-1
            413674      main  task.sh asakulin  R 5-11:18:51      1 meduza-2
            414181      main   RepMsk dfedorov  R 1-09:44:57      1 griffin
            414121      main alignmen  skliver  R 1-15:21:16      1 orthrus-1
            265431      main     bash atotikov  R 22-19:10:47      1 meduza-2
            414507      main      BWA dfedorov  R       0:50      1 meduza-2
            224157      main     bash atotikov  R 59-13:00:41      1 kraken
            414126      main  python3 mironovi  R 1-13:45:18      1 griffin
            414491      main      cov dfedorov  R    3:09:06      1 kraken
            377463      main 9_25_bo_ enoskova  R 12-17:06:51      1 meduza-2
            413297      main 5_21_bo_ enoskova  R 7-13:49:27      1 meduza-2
            414392      main run_7rou enoskova  R   11:13:05      1 griffin
            413897      main run_6rou enoskova  R 3-04:24:48      1 meduza-2
orthrus-2
Sat May 28 02:53:29 MSK 2022
/mnt/tank/scratch/skliver/common/mustelidae/martes_martes/genome/alignment/hic.purged/bwa_alignment
finish!
Sat May 28 07:29:31 MSK 2022
