             JOBID PARTITION     NAME     USER ST       TIME  NODES NODELIST(REASON)
            413928      main P469_4_g    azhuk PD       0:00      1 (Resources)
            413936      main      BWA dfedorov PD       0:00      1 (QOSMaxCpuPerUserLimit)
            413935      main download    azhuk PD       0:00      1 (Resources)
            413898      main run_7rou enoskova PD       0:00      1 (Priority)
            413899      main run_4rou enoskova PD       0:00      1 (Priority)
 414040_[79,81-87]      main mmar.kid atomarov PD       0:00      1 (Priority)
            413765      main get_orth afedorov  R 1-07:22:26      1 orthrus-1
            413888      main      BWA dfedorov  R   20:19:46      1 griffin
         414040_78      main mmar.kid atomarov  R       0:07      1 griffin
         414040_77      main mmar.kid atomarov  R    2:07:56      1 kraken
            414067      main run_last dzvyagin  R      17:37      1 orthrus-2
            413922      main alignmen  skliver  R   15:18:11      1 kraken
            413674      main  task.sh asakulin  R 3-01:02:14      1 meduza-2
            414055      main     bash vshaldin  R    3:01:56      1 meduza-1
            414048      main     bash vshaldin  R    4:28:00      1 meduza-1
            265431      main     bash atotikov  R 20-08:54:10      1 meduza-2
            224157      main     bash atotikov  R 57-02:44:04      1 kraken
            414063      main     bash abadikov  R    1:03:55      1 orthrus-1
            414052      main     bash abadikov  R    3:24:56      1 orthrus-1
            414050      main     bash abadikov  R    3:26:36      1 orthrus-2
            377463      main 9_25_bo_ enoskova  R 10-06:50:14      1 meduza-2
            413297      main 5_21_bo_ enoskova  R 5-03:32:50      1 meduza-2
            413897      main run_6rou enoskova  R   18:08:11      1 meduza-2
            413895      main run_5rou enoskova  R   18:11:31      1 meduza-2
            413892      main run_2rou enoskova  R   19:33:27      1 meduza-2
griffin
Ср 25 мая 2022 16:36:52 MSK
/mnt/tank/scratch/skliver/common/mustelidae/martes_martes/genome/alignment/hic.purged/bwa_alignment
finish!
Чт 26 мая 2022 03:11:59 MSK
