             JOBID PARTITION     NAME     USER ST       TIME  NODES NODELIST(REASON)
            413898      main run_7rou enoskova PD       0:00      1 (QOSMaxMemoryPerUser)
            413899      main run_4rou enoskova PD       0:00      1 (QOSMaxMemoryPerUser)
    414040_[81-87]      main mmar.kid atomarov PD       0:00      1 (QOSMaxCpuPerUserLimit)
            414083      main  python3  chivdan PD       0:00      1 (Resources)
            413936      main      BWA dfedorov  R    3:04:46      1 orthrus-2
         414040_79      main mmar.kid atomarov  R       0:32      1 kraken
         414040_78      main mmar.kid atomarov  R    6:42:13      1 griffin
            414080      main get_orth afedorov  R    4:25:11      1 orthrus-1
            414067      main run_last dzvyagin  R    6:59:43      1 orthrus-2
            413922      main alignmen  skliver  R   22:00:17      1 kraken
            413674      main  task.sh asakulin  R 3-07:44:20      1 meduza-2
            414086      main      cov dfedorov  R    1:37:40      1 meduza-2
            414055      main     bash vshaldin  R    9:44:02      1 meduza-1
            414048      main     bash vshaldin  R   11:10:06      1 meduza-1
            265431      main     bash atotikov  R 20-15:36:16      1 meduza-2
            224157      main     bash atotikov  R 57-09:26:10      1 kraken
            414063      main     bash abadikov  R    7:46:01      1 orthrus-1
            414052      main     bash abadikov  R   10:07:02      1 orthrus-1
            414050      main     bash abadikov  R   10:08:42      1 orthrus-2
            377463      main 9_25_bo_ enoskova  R 10-13:32:20      1 meduza-2
            413297      main 5_21_bo_ enoskova  R 5-10:14:56      1 meduza-2
            413897      main run_6rou enoskova  R 1-00:50:17      1 meduza-2
            413895      main run_5rou enoskova  R 1-00:53:37      1 meduza-2
            413892      main run_2rou enoskova  R 1-02:15:33      1 meduza-2
kraken
Ср 25 мая 2022 23:18:58 MSK
/mnt/tank/scratch/skliver/common/mustelidae/martes_martes/genome/alignment/hic.purged/bwa_alignment
finish!
Чт 26 мая 2022 08:44:03 MSK
