             JOBID PARTITION     NAME     USER ST       TIME  NODES NODELIST(REASON)
            413898      main run_7rou enoskova PD       0:00      1 (QOSMaxMemoryPerUser)
            413899      main run_4rou enoskova PD       0:00      1 (QOSMaxMemoryPerUser)
    414040_[86-87]      main mmar.kid atomarov PD       0:00      1 (QOSMaxCpuPerUserLimit)
414106_[24,76-79,8      main mzib.kid atomarov PD       0:00      1 (QOSMaxCpuPerUserLimit)
         414040_85      main mmar.kid atomarov  R       0:03      1 orthrus-2
         414040_84      main mmar.kid atomarov  R    1:13:45      1 orthrus-2
            414114      main rscript_  eraines  R    3:00:39      1 meduza-2
            413936      main      BWA dfedorov  R   17:02:45      1 orthrus-2
            413674      main  task.sh asakulin  R 3-21:42:19      1 meduza-2
            414098      main     bash abadikov  R    4:32:54      1 kraken
            414055      main     bash vshaldin  R   23:42:01      1 meduza-1
            414048      main     bash vshaldin  R 1-01:08:05      1 meduza-1
            414121      main alignmen  skliver  R    1:44:44      1 orthrus-1
            265431      main     bash atotikov  R 21-05:34:15      1 meduza-2
            224157      main     bash atotikov  R 57-23:24:09      1 kraken
            414126      main  python3 mironovi  R       8:46      1 griffin
            377463      main 9_25_bo_ enoskova  R 11-03:30:19      1 meduza-2
            413297      main 5_21_bo_ enoskova  R 6-00:12:55      1 meduza-2
            413897      main run_6rou enoskova  R 1-14:48:16      1 meduza-2
            413895      main run_5rou enoskova  R 1-14:51:36      1 meduza-2
            413892      main run_2rou enoskova  R 1-16:13:32      1 meduza-2
            414115      main     bash abadikov  R    3:01:04      1 kraken
            414113      main     bash abadikov  R    3:03:17      1 kraken
            414112      main     bash abadikov  R    3:05:05      1 kraken
            414111      main     bash abadikov  R    3:06:13      1 kraken
            414110      main     bash abadikov  R    3:09:39      1 kraken
orthrus-2
Thu May 26 13:16:57 MSK 2022
/mnt/tank/scratch/skliver/common/mustelidae/martes_martes/genome/alignment/hic.purged/bwa_alignment
finish!
Thu May 26 17:54:17 MSK 2022
