             JOBID PARTITION     NAME     USER ST       TIME  NODES NODELIST(REASON)
            414393      main run_4rou enoskova PD       0:00      1 (Resources)
            414395      main run_2rou enoskova PD       0:00      1 (ReqNodeNotAvail, UnavailableNodes:griffin)
            414474      main krater_l gudonnet  R    5:58:36      1 kraken
            414493      main km13_0.6 echikina  R    3:45:26      1 kraken
            414492      main km13_0.4 echikina  R    3:45:30      1 kraken
            414501      main    ast9k echikina  R    1:25:41      1 orthrus-2
            414499      main km13_0.8 echikina  R    1:31:19      1 orthrus-1
            414498      main km_ol0.6 echikina  R    1:54:20      1 orthrus-2
            414374      main get_orth afedorov  R   15:23:14      1 griffin
            414502      main km_ol0.8 echikina  R    1:03:39      1 orthrus-2
         414457_87      main mmar.kid atomarov  R       2:45      1 orthrus-2
         414457_86      main mmar.kid atomarov  R      42:29      1 orthrus-2
            414504      main  python3  chivdan  R      55:33      1 orthrus-1
            414503      main  python3  chivdan  R      59:32      1 orthrus-1
            413674      main  task.sh asakulin  R 5-12:00:13      1 meduza-2
            414181      main   RepMsk dfedorov  R 1-10:26:19      1 griffin
            414121      main alignmen  skliver  R 1-16:02:38      1 orthrus-1
            265431      main     bash atotikov  R 22-19:52:09      1 meduza-2
            414507      main      BWA dfedorov  R      42:12      1 meduza-2
            224157      main     bash atotikov  R 59-13:42:03      1 kraken
            414126      main  python3 mironovi  R 1-14:26:40      1 griffin
            414491      main      cov dfedorov  R    3:50:28      1 kraken
            377463      main 9_25_bo_ enoskova  R 12-17:48:13      1 meduza-2
            413297      main 5_21_bo_ enoskova  R 7-14:30:49      1 meduza-2
            414392      main run_7rou enoskova  R   11:54:27      1 griffin
            413897      main run_6rou enoskova  R 3-05:06:10      1 meduza-2
orthrus-2
Sat May 28 03:34:51 MSK 2022
/mnt/tank/scratch/skliver/common/mustelidae/martes_martes/genome/alignment/hic.purged/bwa_alignment
finish!
Sat May 28 08:45:06 MSK 2022
