             JOBID PARTITION     NAME     USER ST       TIME  NODES NODELIST(REASON)
            413899      main run_4rou enoskova PD       0:00      1 (QOSMaxMemoryPerUser)
    414293_[81-87]      main mzib.kid atomarov PD       0:00      1 (QOSMaxCpuPerUserLimit)
            413898      main run_7rou enoskova  R    8:53:49      1 meduza-2
            414325      main rscript_  eraines  R    5:52:51      1 meduza-2
         414293_79      main mzib.kid atomarov  R       0:06      1 orthrus-2
            414348      main  python3  chivdan  R      36:44      1 orthrus-1
            414347      main  python3  chivdan  R      49:54      1 orthrus-1
         414293_77      main mzib.kid atomarov  R    5:37:48      1 orthrus-2
            413674      main  task.sh asakulin  R 4-13:39:30      1 meduza-2
            414181      main   RepMsk dfedorov  R   12:05:36      1 griffin
            414316      main      BWA dfedorov  R    6:08:34      1 kraken
            414055      main     bash vshaldin  R 1-15:39:12      1 meduza-1
            414048      main     bash vshaldin  R 1-17:05:16      1 meduza-1
            414121      main alignmen  skliver  R   17:41:55      1 orthrus-1
            265431      main     bash atotikov  R 21-21:31:26      1 meduza-2
            414180      main      cov dfedorov  R   12:06:48      1 kraken
            224157      main     bash atotikov  R 58-15:21:20      1 kraken
            414126      main  python3 mironovi  R   16:05:57      1 griffin
            377463      main 9_25_bo_ enoskova  R 11-19:27:30      1 meduza-2
            413297      main 5_21_bo_ enoskova  R 6-16:10:06      1 meduza-2
            413897      main run_6rou enoskova  R 2-06:45:27      1 meduza-2
            413892      main run_2rou enoskova  R 2-08:10:43      1 meduza-2
orthrus-2
Fri May 27 05:14:08 MSK 2022
/mnt/tank/scratch/skliver/common/mustelidae/martes_zibellina/genome/alignment/hic.purged/bwa_alignment
finish!
Fri May 27 11:04:28 MSK 2022
