             JOBID PARTITION     NAME     USER ST       TIME  NODES NODELIST(REASON)
    414293_[86-87]      main mzib.kid atomarov PD       0:00      1 (QOSMaxCpuPerUserLimit)
            414393      main run_4rou enoskova PD       0:00      1 (Resources)
            414395      main run_2rou enoskova PD       0:00      1 (ReqNodeNotAvail, UnavailableNodes:griffin)
         414293_85      main mzib.kid atomarov  R       0:07      1 orthrus-2
         414293_84      main mzib.kid atomarov  R      25:52      1 orthrus-2
            414375      main     wrap gudonnet  R    4:42:56      1 orthrus-1
            414374      main get_orth afedorov  R    4:58:01      1 griffin
            414441      main  python3  chivdan  R      34:48      1 orthrus-1
            413674      main  task.sh asakulin  R 5-01:35:00      1 meduza-2
            414181      main   RepMsk dfedorov  R 1-00:01:06      1 griffin
            414443      main      BWA dfedorov  R      28:58      1 meduza-2
            414121      main alignmen  skliver  R 1-05:37:25      1 orthrus-1
            265431      main     bash atotikov  R 22-09:26:56      1 meduza-2
            414394      main     gzip dfedorov  R    1:28:09      1 kraken
            224157      main     bash atotikov  R 59-03:16:50      1 kraken
            414126      main  python3 mironovi  R 1-04:01:27      1 griffin
            377463      main 9_25_bo_ enoskova  R 12-07:23:00      1 meduza-2
            413297      main 5_21_bo_ enoskova  R 7-04:05:36      1 meduza-2
            414392      main run_7rou enoskova  R    1:29:14      1 griffin
            413897      main run_6rou enoskova  R 2-18:40:57      1 meduza-2
orthrus-2
Fri May 27 17:09:38 MSK 2022
/mnt/tank/scratch/skliver/common/mustelidae/martes_zibellina/genome/alignment/hic.purged/bwa_alignment
finish!
Fri May 27 22:26:25 MSK 2022
