             JOBID PARTITION     NAME     USER ST       TIME  NODES NODELIST(REASON)
            413899      main run_4rou enoskova PD       0:00      1 (QOSMaxMemoryPerUser)
    414293_[82-87]      main mzib.kid atomarov PD       0:00      1 (QOSMaxCpuPerUserLimit)
            413898      main run_7rou enoskova  R    9:12:33      1 meduza-2
            414325      main rscript_  eraines  R    6:11:35      1 meduza-2
         414293_81      main mzib.kid atomarov  R       0:38      1 orthrus-2
         414293_79      main mzib.kid atomarov  R      18:50      1 orthrus-2
            414348      main  python3  chivdan  R      55:28      1 orthrus-1
            414347      main  python3  chivdan  R    1:08:38      1 orthrus-1
            413674      main  task.sh asakulin  R 4-13:58:14      1 meduza-2
            414181      main   RepMsk dfedorov  R   12:24:20      1 griffin
            414316      main      BWA dfedorov  R    6:27:18      1 kraken
            414055      main     bash vshaldin  R 1-15:57:56      1 meduza-1
            414048      main     bash vshaldin  R 1-17:24:00      1 meduza-1
            414121      main alignmen  skliver  R   18:00:39      1 orthrus-1
            265431      main     bash atotikov  R 21-21:50:10      1 meduza-2
            414180      main      cov dfedorov  R   12:25:32      1 kraken
            224157      main     bash atotikov  R 58-15:40:04      1 kraken
            414126      main  python3 mironovi  R   16:24:41      1 griffin
            377463      main 9_25_bo_ enoskova  R 11-19:46:14      1 meduza-2
            413297      main 5_21_bo_ enoskova  R 6-16:28:50      1 meduza-2
            413897      main run_6rou enoskova  R 2-07:04:11      1 meduza-2
            413892      main run_2rou enoskova  R 2-08:29:27      1 meduza-2
orthrus-2
Fri May 27 05:32:52 MSK 2022
/mnt/tank/scratch/skliver/common/mustelidae/martes_zibellina/genome/alignment/hic.purged/bwa_alignment
finish!
Fri May 27 11:28:41 MSK 2022
