             JOBID PARTITION     NAME     USER ST       TIME  NODES NODELIST(REASON)
    414293_[85-87]      main mzib.kid atomarov PD       0:00      1 (QOSMaxCpuPerUserLimit)
            414393      main run_4rou enoskova PD       0:00      1 (Resources)
            414395      main run_2rou enoskova PD       0:00      1 (ReqNodeNotAvail, UnavailableNodes:griffin)
         414293_84      main mzib.kid atomarov  R       0:04      1 orthrus-2
            414375      main     wrap gudonnet  R    4:17:08      1 orthrus-1
         414293_83      main mzib.kid atomarov  R    5:15:09      1 orthrus-2
            414374      main get_orth afedorov  R    4:32:13      1 griffin
            414441      main  python3  chivdan  R       9:00      1 orthrus-1
            413674      main  task.sh asakulin  R 5-01:09:12      1 meduza-2
            414181      main   RepMsk dfedorov  R   23:35:18      1 griffin
            414443      main      BWA dfedorov  R       3:10      1 meduza-2
            414121      main alignmen  skliver  R 1-05:11:37      1 orthrus-1
            265431      main     bash atotikov  R 22-09:01:08      1 meduza-2
            414394      main     gzip dfedorov  R    1:02:21      1 kraken
            224157      main     bash atotikov  R 59-02:51:02      1 kraken
            414126      main  python3 mironovi  R 1-03:35:39      1 griffin
            377463      main 9_25_bo_ enoskova  R 12-06:57:12      1 meduza-2
            413297      main 5_21_bo_ enoskova  R 7-03:39:48      1 meduza-2
            414392      main run_7rou enoskova  R    1:03:26      1 griffin
            413897      main run_6rou enoskova  R 2-18:15:09      1 meduza-2
orthrus-2
Fri May 27 16:43:50 MSK 2022
/mnt/tank/scratch/skliver/common/mustelidae/martes_zibellina/genome/alignment/hic.purged/bwa_alignment
finish!
Fri May 27 21:30:33 MSK 2022
