             JOBID PARTITION     NAME     USER ST       TIME  NODES NODELIST(REASON)
            414484      main ch_ol0.4 echikina PD       0:00      1 (Resources)
            414485      main  python3  chivdan PD       0:00      1 (Resources)
            414393      main run_4rou enoskova PD       0:00      1 (Resources)
            414395      main run_2rou enoskova PD       0:00      1 (ReqNodeNotAvail, UnavailableNodes:griffin)
    414457_[86-87]      main mmar.kid atomarov PD       0:00      1 (QOSMaxCpuPerUserLimit)
         414293_87      main mzib.kid atomarov  R       0:21      1 orthrus-2
         414293_86      main mzib.kid atomarov  R      56:13      1 orthrus-2
            414474      main krater_l gudonnet  R      50:31      1 kraken
            414467      main alignmen dyakimov  R    1:52:48      1 kraken
            414482      main ch_ol0.6 echikina  R      25:58      1 orthrus-1
            414475      main ch_ol0.8 echikina  R      44:04      1 meduza-2
            414471      main chR13_0. echikina  R    1:05:11      1 kraken
            414470      main chR13_0. echikina  R    1:05:16      1 meduza-2
            414469      main chR13_0. echikina  R    1:05:31      1 orthrus-1
            414374      main get_orth afedorov  R   10:15:09      1 griffin
            414472      main  python3  chivdan  R      58:12      1 orthrus-1
            413674      main  task.sh asakulin  R 5-06:52:08      1 meduza-2
            414181      main   RepMsk dfedorov  R 1-05:18:14      1 griffin
            414443      main      BWA dfedorov  R    5:46:06      1 meduza-2
            414121      main alignmen  skliver  R 1-10:54:33      1 orthrus-1
            265431      main     bash atotikov  R 22-14:44:04      1 meduza-2
            224157      main     bash atotikov  R 59-08:33:58      1 kraken
            414126      main  python3 mironovi  R 1-09:18:35      1 griffin
            377463      main 9_25_bo_ enoskova  R 12-12:40:08      1 meduza-2
            413297      main 5_21_bo_ enoskova  R 7-09:22:44      1 meduza-2
            414392      main run_7rou enoskova  R    6:46:22      1 griffin
            413897      main run_6rou enoskova  R 2-23:58:05      1 meduza-2
orthrus-2
Fri May 27 22:26:46 MSK 2022
/mnt/tank/scratch/skliver/common/mustelidae/martes_zibellina/genome/alignment/hic.purged/bwa_alignment
finish!
Sat May 28 03:32:05 MSK 2022
