             JOBID PARTITION     NAME     USER ST       TIME  NODES NODELIST(REASON)
            413899      main run_4rou enoskova PD       0:00      1 (QOSMaxMemoryPerUser)
    414293_[83-87]      main mzib.kid atomarov PD       0:00      1 (QOSMaxCpuPerUserLimit)
            413898      main run_7rou enoskova  R   14:44:26      1 meduza-2
            414325      main rscript_  eraines  R   11:43:28      1 meduza-2
         414293_82      main mzib.kid atomarov  R       0:17      1 orthrus-2
         414293_81      main mzib.kid atomarov  R    5:32:31      1 orthrus-2
            414362      main  python3  chivdan  R      15:40      1 orthrus-1
            414361      main  python3  chivdan  R      18:56      1 orthrus-1
            413674      main  task.sh asakulin  R 4-19:30:07      1 meduza-2
            414181      main   RepMsk dfedorov  R   17:56:13      1 griffin
            414055      main     bash vshaldin  R 1-21:29:49      1 meduza-1
            414048      main     bash vshaldin  R 1-22:55:53      1 meduza-1
            414121      main alignmen  skliver  R   23:32:32      1 orthrus-1
            265431      main     bash atotikov  R 22-03:22:03      1 meduza-2
            414180      main      cov dfedorov  R   17:57:25      1 kraken
            224157      main     bash atotikov  R 58-21:11:57      1 kraken
            414126      main  python3 mironovi  R   21:56:34      1 griffin
            377463      main 9_25_bo_ enoskova  R 12-01:18:07      1 meduza-2
            413297      main 5_21_bo_ enoskova  R 6-22:00:43      1 meduza-2
            413897      main run_6rou enoskova  R 2-12:36:04      1 meduza-2
            413892      main run_2rou enoskova  R 2-14:01:20      1 meduza-2
orthrus-2
Fri May 27 11:04:45 MSK 2022
/mnt/tank/scratch/skliver/common/mustelidae/martes_zibellina/genome/alignment/hic.purged/bwa_alignment
finish!
Fri May 27 16:43:46 MSK 2022
