             JOBID PARTITION     NAME     USER ST       TIME  NODES NODELIST(REASON)
            413899      main run_4rou enoskova PD       0:00      1 (QOSMaxMemoryPerUser)
 414293_[79,81-87]      main mzib.kid atomarov PD       0:00      1 (QOSMaxCpuPerUserLimit)
            413898      main run_7rou enoskova  R    3:19:57      1 meduza-2
            414325      main rscript_  eraines  R      18:59      1 meduza-2
            414179      main     wrap gudonnet  R    6:33:16      1 griffin
            414327      main  python3  chivdan  R       3:43      1 orthrus-1
            414320      main  python3  chivdan  R      26:03      1 orthrus-1
         414293_78      main mzib.kid atomarov  R       0:02      1 orthrus-2
         414293_77      main mzib.kid atomarov  R       3:56      1 orthrus-2
            413674      main  task.sh asakulin  R 4-08:05:38      1 meduza-2
            414181      main   RepMsk dfedorov  R    6:31:44      1 griffin
            414316      main      BWA dfedorov  R      34:42      1 kraken
            414055      main     bash vshaldin  R 1-10:05:20      1 meduza-1
            414048      main     bash vshaldin  R 1-11:31:24      1 meduza-1
            414121      main alignmen  skliver  R   12:08:03      1 orthrus-1
            265431      main     bash atotikov  R 21-15:57:34      1 meduza-2
            414180      main      cov dfedorov  R    6:32:56      1 kraken
            224157      main     bash atotikov  R 58-09:47:28      1 kraken
            414126      main  python3 mironovi  R   10:32:05      1 griffin
            377463      main 9_25_bo_ enoskova  R 11-13:53:38      1 meduza-2
            413297      main 5_21_bo_ enoskova  R 6-10:36:14      1 meduza-2
            413897      main run_6rou enoskova  R 2-01:11:35      1 meduza-2
            413892      main run_2rou enoskova  R 2-02:36:51      1 meduza-2
orthrus-2
Thu May 26 23:40:16 MSK 2022
/mnt/tank/scratch/skliver/common/mustelidae/martes_zibellina/genome/alignment/hic.purged/bwa_alignment
finish!
Fri May 27 05:14:02 MSK 2022
