             JOBID PARTITION     NAME     USER ST       TIME  NODES NODELIST(REASON)
            413898      main run_7rou enoskova PD       0:00      1 (QOSMaxMemoryPerUser)
            413899      main run_4rou enoskova PD       0:00      1 (QOSMaxMemoryPerUser)
            414182      main predict_   vpopov PD       0:00      1 (QOSMaxMemoryPerUser)
414293_[77-79,81-8      main mzib.kid atomarov PD       0:00      1 (QOSMaxCpuPerUserLimit)
            414114      main rscript_  eraines  R    7:38:03      1 meduza-2
            414179      main     wrap gudonnet  R      47:21      1 griffin
            413674      main  task.sh asakulin  R 4-02:19:43      1 meduza-2
            414181      main   RepMsk dfedorov  R      45:49      1 griffin
            414098      main     bash abadikov  R    9:10:18      1 kraken
            414129      main sch_simp   vpopov  R      43:42      1 kraken
            414055      main     bash vshaldin  R 1-04:19:25      1 meduza-1
            414048      main     bash vshaldin  R 1-05:45:29      1 meduza-1
            414121      main alignmen  skliver  R    6:22:08      1 orthrus-1
            265431      main     bash atotikov  R 21-10:11:39      1 meduza-2
            414180      main      cov dfedorov  R      47:01      1 kraken
            224157      main     bash atotikov  R 58-04:01:33      1 kraken
            414126      main  python3 mironovi  R    4:46:10      1 griffin
         414293_76      main mzib.kid atomarov  R       0:04      1 orthrus-2
         414293_24      main mzib.kid atomarov  R      15:14      1 orthrus-2
            377463      main 9_25_bo_ enoskova  R 11-08:07:43      1 meduza-2
            413297      main 5_21_bo_ enoskova  R 6-04:50:19      1 meduza-2
            413897      main run_6rou enoskova  R 1-19:25:40      1 meduza-2
            413895      main run_5rou enoskova  R 1-19:29:00      1 meduza-2
            413892      main run_2rou enoskova  R 1-20:50:56      1 meduza-2
            414115      main     bash abadikov  R    7:38:28      1 kraken
            414113      main     bash abadikov  R    7:40:41      1 kraken
            414111      main     bash abadikov  R    7:43:37      1 kraken
            414110      main     bash abadikov  R    7:47:03      1 kraken
orthrus-2
Thu May 26 17:54:21 MSK 2022
/mnt/tank/scratch/skliver/common/mustelidae/martes_zibellina/genome/alignment/hic.purged/bwa_alignment
finish!
Thu May 26 23:40:14 MSK 2022
