             JOBID PARTITION     NAME     USER ST       TIME  NODES NODELIST(REASON)
            413898      main run_7rou enoskova PD       0:00      1 (QOSMaxMemoryPerUser)
            413899      main run_4rou enoskova PD       0:00      1 (QOSMaxMemoryPerUser)
            414182      main predict_   vpopov PD       0:00      1 (QOSMaxMemoryPerUser)
414293_[76-79,81-8      main mzib.kid atomarov PD       0:00      1 (QOSMaxCpuPerUserLimit)
         414040_85      main mmar.kid atomarov  R    4:22:26      1 orthrus-2
            414114      main rscript_  eraines  R    7:23:02      1 meduza-2
            414179      main     wrap gudonnet  R      32:20      1 griffin
            413674      main  task.sh asakulin  R 4-02:04:42      1 meduza-2
            414181      main   RepMsk dfedorov  R      30:48      1 griffin
            414098      main     bash abadikov  R    8:55:17      1 kraken
            414129      main sch_simp   vpopov  R      28:41      1 kraken
            414055      main     bash vshaldin  R 1-04:04:24      1 meduza-1
            414048      main     bash vshaldin  R 1-05:30:28      1 meduza-1
            414121      main alignmen  skliver  R    6:07:07      1 orthrus-1
            265431      main     bash atotikov  R 21-09:56:38      1 meduza-2
            414180      main      cov dfedorov  R      32:00      1 kraken
            224157      main     bash atotikov  R 58-03:46:32      1 kraken
            414126      main  python3 mironovi  R    4:31:09      1 griffin
         414293_24      main mzib.kid atomarov  R       0:13      1 orthrus-2
            377463      main 9_25_bo_ enoskova  R 11-07:52:42      1 meduza-2
            413297      main 5_21_bo_ enoskova  R 6-04:35:18      1 meduza-2
            413897      main run_6rou enoskova  R 1-19:10:39      1 meduza-2
            413895      main run_5rou enoskova  R 1-19:13:59      1 meduza-2
            413892      main run_2rou enoskova  R 1-20:35:55      1 meduza-2
            414115      main     bash abadikov  R    7:23:27      1 kraken
            414113      main     bash abadikov  R    7:25:40      1 kraken
            414111      main     bash abadikov  R    7:28:36      1 kraken
            414110      main     bash abadikov  R    7:32:02      1 kraken
orthrus-2
Thu May 26 17:39:20 MSK 2022
/mnt/tank/scratch/skliver/common/mustelidae/martes_zibellina/genome/alignment/hic.purged/bwa_alignment
finish!
Thu May 26 23:36:20 MSK 2022
